<?xml version="1.0" encoding="UTF-8"?>
<!-- Generated by org.testng.reporters.JUnitReportReporter -->
<testsuite hostname="PRABHU" failures="0" tests="19" name="TestScript.DemoWebShopTest_02" time="203.047" errors="0" timestamp="2024-05-01T13:07:34 IST" skipped="0">
  <testcase classname="TestScript.DemoWebShopTest_02" name="Compare_product_016" time="8.408"/>
  <system-out/>
  <testcase classname="TestScript.DemoWebShopTest_02" name="Appreal_Shoes_018" time="9.862"/>
  <system-out/>
  <testcase classname="TestScript.DemoWebShopTest_02" name="checkthe_order_detasils_009" time="7.133"/>
  <system-out/>
  <testcase classname="TestScript.DemoWebShopTest_02" name="jewellery_placeorder_007" time="13.231"/>
  <system-out/>
  <testcase classname="TestScript.DemoWebShopTest_02" name="jewellery_WishList_002" time="12.306"/>
  <system-out/>
  <testcase classname="TestScript.DemoWebShopTest_02" name="delete_address_014" time="8.511"/>
  <system-out/>
  <testcase classname="TestScript.DemoWebShopTest_02" name="download_the_invoice_010" time="10.780"/>
  <system-out/>
  <testcase classname="TestScript.DemoWebShopTest_02" name="Re_order_011" time="16.840"/>
  <system-out/>
  <testcase classname="TestScript.DemoWebShopTest_02" name="jewellery_wishlisttocart_005" time="11.306"/>
  <system-out/>
  <testcase classname="TestScript.DemoWebShopTest_02" name="Password_change_019" time="10.882"/>
  <system-out/>
  <testcase classname="TestScript.DemoWebShopTest_02" name="Add_New_Address_012" time="12.502"/>
  <system-out/>
  <testcase classname="TestScript.DemoWebShopTest_02" name="jewellery_001" time="10.373"/>
  <system-out/>
  <testcase classname="TestScript.DemoWebShopTest_02" name="edit_address_013" time="11.933"/>
  <system-out/>
  <testcase classname="TestScript.DemoWebShopTest_02" name="jewellery_custmize_004" time="10.705"/>
  <system-out/>
  <testcase classname="TestScript.DemoWebShopTest_02" name="Check_Reward_015" time="9.999"/>
  <system-out/>
  <testcase classname="TestScript.DemoWebShopTest_02" name="jewellery_Quantity_003" time="11.421"/>
  <system-out/>
  <testcase classname="TestScript.DemoWebShopTest_02" name="editlastname_008" time="10.288"/>
  <system-out/>
  <testcase classname="TestScript.DemoWebShopTest_02" name="jewellery_removefromwishlist_006" time="9.184"/>
  <system-out/>
  <testcase classname="TestScript.DemoWebShopTest_02" name="Recently_viewed_product_017" time="7.383"/>
  <system-out/>
</testsuite> <!-- TestScript.DemoWebShopTest_02 -->
