<?xml version="1.0" encoding="UTF-8"?>
<!-- Generated by org.testng.reporters.JUnitReportReporter -->
<testsuite hostname="PRABHU" failures="0" tests="19" name="TestScript.DemoWebShopTest" time="219.331" errors="0" timestamp="2024-05-01T13:07:34 IST" skipped="0">
  <testcase classname="TestScript.DemoWebShopTest" name="BookSsortbyoption_010" time="11.955"/>
  <system-out/>
  <testcase classname="TestScript.DemoWebShopTest" name="BookSreview_015" time="33.154"/>
  <system-out/>
  <testcase classname="TestScript.DemoWebShopTest" name="BookSSharetoFriend_008" time="9.631"/>
  <system-out/>
  <testcase classname="TestScript.DemoWebShopTest" name="RegisterTest_001" time="8.310"/>
  <system-out/>
  <testcase classname="TestScript.DemoWebShopTest" name="BooksNewsLetter_014" time="8.039"/>
  <system-out/>
  <testcase classname="TestScript.DemoWebShopTest" name="BookSAddtocompare_007" time="10.454"/>
  <system-out/>
  <testcase classname="TestScript.DemoWebShopTest" name="BookSRelatedProduct_009" time="10.506"/>
  <system-out/>
  <testcase classname="TestScript.DemoWebShopTest" name="BookSOPen_004" time="8.859"/>
  <system-out/>
  <testcase classname="TestScript.DemoWebShopTest" name="BookSAddtocart_006" time="13.006"/>
  <system-out/>
  <testcase classname="TestScript.DemoWebShopTest" name="BookSviewsoption_012" time="8.617"/>
  <system-out/>
  <testcase classname="TestScript.DemoWebShopTest" name="Login_002" time="10.406"/>
  <system-out/>
  <testcase classname="TestScript.DemoWebShopTest" name="BookSOPen_005" time="11.746"/>
  <system-out/>
  <testcase classname="TestScript.DemoWebShopTest" name="Bookdisplayoption_011" time="10.258"/>
  <system-out/>
  <testcase classname="TestScript.DemoWebShopTest" name="BookRemoveCart_017" time="8.401"/>
  <system-out/>
  <testcase classname="TestScript.DemoWebShopTest" name="lOgin_003" time="8.161"/>
  <system-out/>
  <testcase classname="TestScript.DemoWebShopTest" name="Logout_0019" time="8.420"/>
  <system-out/>
  <testcase classname="TestScript.DemoWebShopTest" name="BookSpriceoption_013" time="11.561"/>
  <system-out/>
  <testcase classname="TestScript.DemoWebShopTest" name="BookSTojewellery_018" time="10.099"/>
  <system-out/>
  <testcase classname="TestScript.DemoWebShopTest" name="BookSvreviewvote_016" time="17.748"/>
  <system-out/>
</testsuite> <!-- TestScript.DemoWebShopTest -->
